[debug] [2023-06-05T07:24:04.825Z] ----------------------------------------------------------------------
[debug] [2023-06-05T07:24:04.828Z] Command:       C:\Program Files\nodejs\node.exe C:\Users\SC\AppData\Roaming\npm\node_modules\firebase-tools\lib\bin\firebase.js init
[debug] [2023-06-05T07:24:04.828Z] CLI Version:   12.3.0
[debug] [2023-06-05T07:24:04.828Z] Platform:      win32
[debug] [2023-06-05T07:24:04.829Z] Node Version:  v18.16.0
[debug] [2023-06-05T07:24:04.830Z] Time:          Mon Jun 05 2023 12:54:04 GMT+0530 (India Standard Time)
[debug] [2023-06-05T07:24:04.830Z] ----------------------------------------------------------------------
[debug] 
[debug] [2023-06-05T07:24:04.927Z] > command requires scopes: ["email","openid","https://www.googleapis.com/auth/cloudplatformprojects.readonly","https://www.googleapis.com/auth/firebase","https://www.googleapis.com/auth/cloud-platform"]
[debug] [2023-06-05T07:24:04.928Z] > authorizing via signed-in user (dilipsinghf@gmail.com)
[info] 
     ######## #### ########  ######## ########     ###     ######  ########
     ##        ##  ##     ## ##       ##     ##  ##   ##  ##       ##
     ######    ##  ########  ######   ########  #########  ######  ######
     ##        ##  ##    ##  ##       ##     ## ##     ##       ## ##
     ##       #### ##     ## ######## ########  ##     ##  ######  ########

You're about to initialize a Firebase project in this directory:

  C:\Users\SC\Desktop\ecommerce app\amazone-clone

Before we get started, keep in mind:

  * You are initializing within an existing Firebase project directory

